#
# There is insufficient memory for the Java Runtime Environment to continue.
# Native memory allocation (malloc) failed to allocate 1154320 bytes for Chunk::new
# Possible reasons:
#   The system is out of physical RAM or swap space
#   In 32 bit mode, the process size limit was hit
# Possible solutions:
#   Reduce memory load on the system
#   Increase physical memory or swap space
#   Check if swap backing store is full
#   Use 64 bit Java on a 64 bit OS
#   Decrease Java heap size (-Xmx/-Xms)
#   Decrease number of Java threads
#   Decrease Java thread stack sizes (-Xss)
#   Set larger code cache with -XX:ReservedCodeCacheSize=
# This output file may be truncated or incomplete.
#
#  Out of Memory Error (allocation.cpp:323), pid=11160, tid=5548
#
# JRE version: Java(TM) SE Runtime Environment (7.0_79-b15) (build 1.7.0_79-b15)
# Java VM: Java HotSpot(TM) 64-Bit Server VM (24.79-b02 mixed mode windows-amd64 compressed oops)
# Failed to write core dump. Minidumps are not enabled by default on client versions of Windows
#

---------------  T H R E A D  ---------------

Current thread (0x0000000008094800):  JavaThread "C2 CompilerThread0" daemon [_thread_in_native, id=5548, stack(0x0000000009620000,0x0000000009720000)]

Stack: [0x0000000009620000,0x0000000009720000]

Current CompileTask:
C2:  17073  689   !         com.android.dx.cf.code.Ropper::processBlock (1101 bytes)


---------------  P R O C E S S  ---------------

Java Threads: ( => current thread )
  0x0000000009d5b000 JavaThread "pool-1-thread-4" [_thread_in_Java, id=11764, stack(0x000000000a220000,0x000000000a320000)]
  0x0000000009d5a000 JavaThread "pool-1-thread-3" [_thread_in_Java, id=3480, stack(0x000000000a120000,0x000000000a220000)]
  0x0000000009cee800 JavaThread "pool-1-thread-2" [_thread_blocked, id=11212, stack(0x000000000a020000,0x000000000a120000)]
  0x0000000009cb8800 JavaThread "pool-2-thread-1" [_thread_blocked, id=10872, stack(0x0000000009f20000,0x000000000a020000)]
  0x0000000009cb8000 JavaThread "pool-1-thread-1" [_thread_in_Java, id=5576, stack(0x0000000009e20000,0x0000000009f20000)]
  0x00000000080ab000 JavaThread "Service Thread" daemon [_thread_blocked, id=13800, stack(0x0000000009820000,0x0000000009920000)]
  0x0000000008096000 JavaThread "C2 CompilerThread1" daemon [_thread_in_native, id=4204, stack(0x0000000009720000,0x0000000009820000)]
=>0x0000000008094800 JavaThread "C2 CompilerThread0" daemon [_thread_in_native, id=5548, stack(0x0000000009620000,0x0000000009720000)]
  0x0000000008093800 JavaThread "Attach Listener" daemon [_thread_blocked, id=1536, stack(0x0000000009520000,0x0000000009620000)]
  0x0000000008090000 JavaThread "Signal Dispatcher" daemon [_thread_blocked, id=9836, stack(0x0000000009420000,0x0000000009520000)]
  0x0000000008058800 JavaThread "Finalizer" daemon [_thread_blocked, id=4596, stack(0x0000000009320000,0x0000000009420000)]
  0x0000000008055000 JavaThread "Reference Handler" daemon [_thread_blocked, id=2172, stack(0x0000000009220000,0x0000000009320000)]
  0x0000000002102800 JavaThread "main" [_thread_in_Java, id=6872, stack(0x0000000001fa0000,0x00000000020a0000)]

Other Threads:
  0x0000000008051000 VMThread [stack: 0x0000000009120000,0x0000000009220000] [id=13516]
  0x00000000080b5000 WatcherThread [stack: 0x0000000009920000,0x0000000009a20000] [id=10344]

VM state:synchronizing (normal execution)

VM Mutex/Monitor currently owned by a thread:  ([mutex/lock_event])
[0x00000000020fccb0] Safepoint_lock - owner thread: 0x0000000008051000
[0x00000000020fc830] Threads_lock - owner thread: 0x0000000008051000

Heap
 PSYoungGen      total 138240K, used 122297K [0x00000000eaa80000, 0x00000000fe880000, 0x0000000100000000)
  eden space 133120K, 88% used [0x00000000eaa80000,0x00000000f1cf4490,0x00000000f2c80000)
  from space 5120K, 99% used [0x00000000f2c80000,0x00000000f317a358,0x00000000f3180000)
  to   space 29696K, 0% used [0x00000000fcb80000,0x00000000fcb80000,0x00000000fe880000)
 ParOldGen       total 86528K, used 47035K [0x00000000c0000000, 0x00000000c5480000, 0x00000000eaa80000)
  object space 86528K, 54% used [0x00000000c0000000,0x00000000c2deed38,0x00000000c5480000)
 PSPermGen       total 21504K, used 6097K [0x00000000bae00000, 0x00000000bc300000, 0x00000000c0000000)
  object space 21504K, 28% used [0x00000000bae00000,0x00000000bb3f4680,0x00000000bc300000)

Card table byte_map: [0x00000000052c0000,0x00000000054f0000] byte_map_base: 0x0000000004ce9000

Polling page: 0x0000000000820000

Code Cache  [0x0000000002200000, 0x00000000024c0000, 0x0000000005200000)
 total_blobs=905 nmethods=668 adapters=189 free_code_cache=46501Kb largest_free_block=47513344

Compilation events (10 events):
Event: 16.711 Thread 0x0000000008096000  686             com.android.dx.ssa.BasicRegisterMapper::oldToNew (22 bytes)
Event: 16.712 Thread 0x0000000008096000 nmethod 686 0x0000000002384590 code [0x00000000023846c0, 0x0000000002384758]
Event: 16.732 Thread 0x0000000008094800  687   !         com.android.dx.cf.code.OneLocalsArray::set (106 bytes)
Event: 16.737 Thread 0x0000000008094800 nmethod 687 0x00000000023d6b10 code [0x00000000023d6ca0, 0x00000000023d7058]
Event: 16.838 Thread 0x0000000008096000  688             com.android.dx.ssa.back.FirstFitLocalCombiningAllocator::processPhiInsn (255 bytes)
Event: 16.843 Thread 0x0000000008094800  689   !         com.android.dx.cf.code.Ropper::processBlock (1101 bytes)
Event: 16.939 Thread 0x0000000008096000 nmethod 688 0x0000000002421090 code [0x00000000024213a0, 0x0000000002423728]
Event: 16.940 Thread 0x0000000008096000  690             com.android.dx.rop.cst.CstType::isCategory2 (2 bytes)
Event: 16.940 Thread 0x0000000008096000 nmethod 690 0x0000000002384390 code [0x00000000023844c0, 0x0000000002384518]
Event: 16.940 Thread 0x0000000008096000  691   !         com.android.dx.cf.code.BytecodeArray::parseInstruction (2764 bytes)

GC Heap History (10 events):
Event: 2.658 GC heap before
{Heap before GC invocations=1 (full 0):
 PSYoungGen      total 38400K, used 33280K [0x00000000eaa80000, 0x00000000ed500000, 0x0000000100000000)
  eden space 33280K, 100% used [0x00000000eaa80000,0x00000000ecb00000,0x00000000ecb00000)
  from space 5120K, 0% used [0x00000000ed000000,0x00000000ed000000,0x00000000ed500000)
  to   space 5120K, 0% used [0x00000000ecb00000,0x00000000ecb00000,0x00000000ed000000)
 ParOldGen       total 86528K, used 0K [0x00000000c0000000, 0x00000000c5480000, 0x00000000eaa80000)
  object space 86528K, 0% used [0x00000000c0000000,0x00000000c0000000,0x00000000c5480000)
 PSPermGen       total 21504K, used 5746K [0x00000000bae00000, 0x00000000bc300000, 0x00000000c0000000)
  object space 21504K, 26% used [0x00000000bae00000,0x00000000bb39c860,0x00000000bc300000)
Event: 2.876 GC heap after
Heap after GC invocations=1 (full 0):
 PSYoungGen      total 38400K, used 5109K [0x00000000eaa80000, 0x00000000ef580000, 0x0000000100000000)
  eden space 33280K, 0% used [0x00000000eaa80000,0x00000000eaa80000,0x00000000ecb00000)
  from space 5120K, 99% used [0x00000000ecb00000,0x00000000ecffd7d8,0x00000000ed000000)
  to   space 5120K, 0% used [0x00000000ef080000,0x00000000ef080000,0x00000000ef580000)
 ParOldGen       total 86528K, used 177K [0x00000000c0000000, 0x00000000c5480000, 0x00000000eaa80000)
  object space 86528K, 0% used [0x00000000c0000000,0x00000000c002c7c8,0x00000000c5480000)
 PSPermGen       total 21504K, used 5746K [0x00000000bae00000, 0x00000000bc300000, 0x00000000c0000000)
  object space 21504K, 26% used [0x00000000bae00000,0x00000000bb39c860,0x00000000bc300000)
}
Event: 5.866 GC heap before
{Heap before GC invocations=2 (full 0):
 PSYoungGen      total 38400K, used 38389K [0x00000000eaa80000, 0x00000000ef580000, 0x0000000100000000)
  eden space 33280K, 100% used [0x00000000eaa80000,0x00000000ecb00000,0x00000000ecb00000)
  from space 5120K, 99% used [0x00000000ecb00000,0x00000000ecffd7d8,0x00000000ed000000)
  to   space 5120K, 0% used [0x00000000ef080000,0x00000000ef080000,0x00000000ef580000)
 ParOldGen       total 86528K, used 177K [0x00000000c0000000, 0x00000000c5480000, 0x00000000eaa80000)
  object space 86528K, 0% used [0x00000000c0000000,0x00000000c002c7c8,0x00000000c5480000)
 PSPermGen       total 21504K, used 5905K [0x00000000bae00000, 0x00000000bc300000, 0x00000000c0000000)
  object space 21504K, 27% used [0x00000000bae00000,0x00000000bb3c44a0,0x00000000bc300000)
Event: 6.169 GC heap after
Heap after GC invocations=2 (full 0):
 PSYoungGen      total 71680K, used 5115K [0x00000000eaa80000, 0x00000000ef580000, 0x0000000100000000)
  eden space 66560K, 0% used [0x00000000eaa80000,0x00000000eaa80000,0x00000000eeb80000)
  from space 5120K, 99% used [0x00000000ef080000,0x00000000ef57ef80,0x00000000ef580000)
  to   space 5120K, 0% used [0x00000000eeb80000,0x00000000eeb80000,0x00000000ef080000)
 ParOldGen       total 86528K, used 3775K [0x00000000c0000000, 0x00000000c5480000, 0x00000000eaa80000)
  object space 86528K, 4% used [0x00000000c0000000,0x00000000c03afdf0,0x00000000c5480000)
 PSPermGen       total 21504K, used 5905K [0x00000000bae00000, 0x00000000bc300000, 0x00000000c0000000)
  object space 21504K, 27% used [0x00000000bae00000,0x00000000bb3c44a0,0x00000000bc300000)
}
Event: 10.845 GC heap before
{Heap before GC invocations=3 (full 0):
 PSYoungGen      total 71680K, used 71675K [0x00000000eaa80000, 0x00000000ef580000, 0x0000000100000000)
  eden space 66560K, 100% used [0x00000000eaa80000,0x00000000eeb80000,0x00000000eeb80000)
  from space 5120K, 99% used [0x00000000ef080000,0x00000000ef57ef80,0x00000000ef580000)
  to   space 5120K, 0% used [0x00000000eeb80000,0x00000000eeb80000,0x00000000ef080000)
 ParOldGen       total 86528K, used 3775K [0x00000000c0000000, 0x00000000c5480000, 0x00000000eaa80000)
  object space 86528K, 4% used [0x00000000c0000000,0x00000000c03afdf0,0x00000000c5480000)
 PSPermGen       total 21504K, used 5957K [0x00000000bae00000, 0x00000000bc300000, 0x00000000c0000000)
  object space 21504K, 27% used [0x00000000bae00000,0x00000000bb3d1620,0x00000000bc300000)
Event: 11.101 GC heap after
Heap after GC invocations=3 (full 0):
 PSYoungGen      total 71680K, used 5099K [0x00000000eaa80000, 0x00000000f3680000, 0x0000000100000000)
  eden space 66560K, 0% used [0x00000000eaa80000,0x00000000eaa80000,0x00000000eeb80000)
  from space 5120K, 99% used [0x00000000eeb80000,0x00000000ef07af48,0x00000000ef080000)
  to   space 5120K, 0% used [0x00000000f3180000,0x00000000f3180000,0x00000000f3680000)
 ParOldGen       total 86528K, used 13817K [0x00000000c0000000, 0x00000000c5480000, 0x00000000eaa80000)
  object space 86528K, 15% used [0x00000000c0000000,0x00000000c0d7e460,0x00000000c5480000)
 PSPermGen       total 21504K, used 5957K [0x00000000bae00000, 0x00000000bc300000, 0x00000000c0000000)
  object space 21504K, 27% used [0x00000000bae00000,0x00000000bb3d1620,0x00000000bc300000)
}
Event: 12.708 GC heap before
{Heap before GC invocations=4 (full 0):
 PSYoungGen      total 71680K, used 71659K [0x00000000eaa80000, 0x00000000f3680000, 0x0000000100000000)
  eden space 66560K, 100% used [0x00000000eaa80000,0x00000000eeb80000,0x00000000eeb80000)
  from space 5120K, 99% used [0x00000000eeb80000,0x00000000ef07af48,0x00000000ef080000)
  to   space 5120K, 0% used [0x00000000f3180000,0x00000000f3180000,0x00000000f3680000)
 ParOldGen       total 86528K, used 13817K [0x00000000c0000000, 0x00000000c5480000, 0x00000000eaa80000)
  object space 86528K, 15% used [0x00000000c0000000,0x00000000c0d7e460,0x00000000c5480000)
 PSPermGen       total 21504K, used 6008K [0x00000000bae00000, 0x00000000bc300000, 0x00000000c0000000)
  object space 21504K, 27% used [0x00000000bae00000,0x00000000bb3de100,0x00000000bc300000)
Event: 13.195 GC heap after
Heap after GC invocations=4 (full 0):
 PSYoungGen      total 138240K, used 5116K [0x00000000eaa80000, 0x00000000f3680000, 0x0000000100000000)
  eden space 133120K, 0% used [0x00000000eaa80000,0x00000000eaa80000,0x00000000f2c80000)
  from space 5120K, 99% used [0x00000000f3180000,0x00000000f367f2d0,0x00000000f3680000)
  to   space 5120K, 0% used [0x00000000f2c80000,0x00000000f2c80000,0x00000000f3180000)
 ParOldGen       total 86528K, used 25005K [0x00000000c0000000, 0x00000000c5480000, 0x00000000eaa80000)
  object space 86528K, 28% used [0x00000000c0000000,0x00000000c186b460,0x00000000c5480000)
 PSPermGen       total 21504K, used 6008K [0x00000000bae00000, 0x00000000bc300000, 0x00000000c0000000)
  object space 21504K, 27% used [0x00000000bae00000,0x00000000bb3de100,0x00000000bc300000)
}
Event: 14.965 GC heap before
{Heap before GC invocations=5 (full 0):
 PSYoungGen      total 138240K, used 138236K [0x00000000eaa80000, 0x00000000f3680000, 0x0000000100000000)
  eden space 133120K, 100% used [0x00000000eaa80000,0x00000000f2c80000,0x00000000f2c80000)
  from space 5120K, 99% used [0x00000000f3180000,0x00000000f367f2d0,0x00000000f3680000)
  to   space 5120K, 0% used [0x00000000f2c80000,0x00000000f2c80000,0x00000000f3180000)
 ParOldGen       total 86528K, used 25005K [0x00000000c0000000, 0x00000000c5480000, 0x00000000eaa80000)
  object space 86528K, 28% used [0x00000000c0000000,0x00000000c186b460,0x00000000c5480000)
 PSPermGen       total 21504K, used 6082K [0x00000000bae00000, 0x00000000bc300000, 0x00000000c0000000)
  object space 21504K, 28% used [0x00000000bae00000,0x00000000bb3f0be0,0x00000000bc300000)
Event: 16.065 GC heap after
Heap after GC invocations=5 (full 0):
 PSYoungGen      total 138240K, used 5096K [0x00000000eaa80000, 0x00000000fe880000, 0x0000000100000000)
  eden space 133120K, 0% used [0x00000000eaa80000,0x00000000eaa80000,0x00000000f2c80000)
  from space 5120K, 99% used [0x00000000f2c80000,0x00000000f317a358,0x00000000f3180000)
  to   space 29696K, 0% used [0x00000000fcb80000,0x00000000fcb80000,0x00000000fe880000)
 ParOldGen       total 86528K, used 47035K [0x00000000c0000000, 0x00000000c5480000, 0x00000000eaa80000)
  object space 86528K, 54% used [0x00000000c0000000,0x00000000c2deed38,0x00000000c5480000)
 PSPermGen       total 21504K, used 6082K [0x00000000bae00000, 0x00000000bc300000, 0x00000000c0000000)
  object space 21504K, 28% used [0x00000000bae00000,0x00000000bb3f0be0,0x00000000bc300000)
}

Deoptimization events (10 events):
Event: 14.694 Thread 0x0000000009d5b000 Uncommon trap: reason=bimorphic action=maybe_recompile pc=0x000000000247d9dc method=com.android.dx.cf.code.BytecodeArray.parseInstruction(ILcom/android/dx/cf/code/BytecodeArray$Visitor;)I @ 971
Event: 14.694 Thread 0x0000000009d5b000 Uncommon trap: reason=class_check action=maybe_recompile pc=0x00000000023c56a4 method=com.android.dx.cf.code.Ropper.processBlock(Lcom/android/dx/cf/code/ByteBlock;Lcom/android/dx/cf/code/Frame;[I)V @ 777
Event: 16.191 Thread 0x0000000002102800 Uncommon trap: reason=bimorphic action=maybe_recompile pc=0x00000000024a373c method=com.android.dx.cf.code.BytecodeArray.parseInstruction(ILcom/android/dx/cf/code/BytecodeArray$Visitor;)I @ 1035
Event: 16.191 Thread 0x0000000002102800 Uncommon trap: reason=bimorphic action=maybe_recompile pc=0x00000000024a373c method=com.android.dx.cf.code.BytecodeArray.parseInstruction(ILcom/android/dx/cf/code/BytecodeArray$Visitor;)I @ 1035
Event: 16.191 Thread 0x0000000002102800 Uncommon trap: reason=class_check action=maybe_recompile pc=0x00000000023c56a4 method=com.android.dx.cf.code.Ropper.processBlock(Lcom/android/dx/cf/code/ByteBlock;Lcom/android/dx/cf/code/Frame;[I)V @ 777
Event: 16.191 Thread 0x0000000002102800 Uncommon trap: reason=class_check action=maybe_recompile pc=0x00000000023c56a4 method=com.android.dx.cf.code.Ropper.processBlock(Lcom/android/dx/cf/code/ByteBlock;Lcom/android/dx/cf/code/Frame;[I)V @ 777
Event: 16.220 Thread 0x0000000002102800 Uncommon trap: reason=unreached action=reinterpret pc=0x0000000002332644 method=com.android.dx.cf.direct.StdAttributeFactory.parse0(Lcom/android/dx/cf/direct/DirectClassFile;ILjava/lang/String;IILcom/android/dx/cf/iface/ParseObserver;)Lcom/android/dx/cf/ifÒPﬂŸÈ”0@
Event: 16.828 Thread 0x0000000009d5b000 Uncommon trap: reason=bimorphic action=maybe_recompile pc=0x00000000023eb164 method=com.android.dx.cf.code.BytecodeArray.parseInstruction(ILcom/android/dx/cf/code/BytecodeArray$Visitor;)I @ 1287
Event: 16.828 Thread 0x0000000009d5b000 Uncommon trap: reason=bimorphic action=maybe_recompile pc=0x00000000023eb164 method=com.android.dx.cf.code.BytecodeArray.parseInstruction(ILcom/android/dx/cf/code/BytecodeArray$Visitor;)I @ 1287
Event: 16.843 Thread 0x0000000002102800 Uncommon trap: reason=null_check action=make_not_entrant pc=0x00000000024351dc method=com.android.dx.cf.code.Ropper$CatchInfo.getSetup(Lcom/android/dx/rop/type/Type;)Lcom/android/dx/cf/code/Ropper$ExceptionHandlerSetup; @ 10

Internal exceptions (10 events):
Event: 3.645 Thread 0x0000000002102800 Implicit null exception at 0x00000000022c3baf to 0x00000000022c428d
Event: 6.207 Thread 0x0000000009d5a000 Implicit null exception at 0x00000000022b99a8 to 0x00000000022baca9
Event: 9.849 Thread 0x0000000009d5b000 Threw 0x00000000ec95cb98 at C:\re\jdk7u79\2331\hotspot\src\share\vm\prims\jvm.cpp:1304
Event: 9.855 Thread 0x0000000002102800 Threw 0x00000000ecb066b0 at C:\re\jdk7u79\2331\hotspot\src\share\vm\prims\jvm.cpp:1304
Event: 9.885 Thread 0x0000000009cee800 Threw 0x00000000ed0c7a50 at C:\re\jdk7u79\2331\hotspot\src\share\vm\prims\jvm.cpp:1304
Event: 13.209 Thread 0x0000000002102800 Threw 0x00000000eaac6028 at C:\re\jdk7u79\2331\hotspot\src\share\vm\prims\jvm.cpp:1304
Event: 13.252 Thread 0x0000000009cb8000 Implicit null exception at 0x00000000023fc6fc to 0x00000000023fc9fd
Event: 13.252 Thread 0x0000000009cb8000 Implicit null exception at 0x000000000239dda8 to 0x000000000239e095
Event: 13.267 Thread 0x0000000009cb8000 Implicit null exception at 0x000000000234ec9c to 0x000000000234edf9
Event: 16.843 Thread 0x0000000002102800 Implicit null exception at 0x0000000002431374 to 0x0000000002435189

Events (10 events):
Event: 16.220 Thread 0x0000000002102800 DEOPT UNPACKING pc=0x00000000022375a4 sp=0x000000000209ec68 mode 2
Event: 16.828 Thread 0x0000000009d5b000 Uncommon trap: trap_request=0xffffffc6 fr.pc=0x00000000023eb164
Event: 16.828 Thread 0x0000000009d5b000 DEOPT PACKING pc=0x00000000023eb164 sp=0x000000000a31e910
Event: 16.828 Thread 0x0000000009d5b000 DEOPT UNPACKING pc=0x00000000022375a4 sp=0x000000000a31e8b8 mode 2
Event: 16.828 Thread 0x0000000009d5b000 Uncommon trap: trap_request=0xffffffc6 fr.pc=0x00000000023eb164
Event: 16.828 Thread 0x0000000009d5b000 DEOPT PACKING pc=0x00000000023eb164 sp=0x000000000a31e8d0
Event: 16.828 Thread 0x0000000009d5b000 DEOPT UNPACKING pc=0x00000000022375a4 sp=0x000000000a31e878 mode 2
Event: 16.843 Thread 0x0000000002102800 Uncommon trap: trap_request=0xfffffff4 fr.pc=0x00000000024351dc
Event: 16.843 Thread 0x0000000002102800 DEOPT PACKING pc=0x00000000024351dc sp=0x000000000209e8f0
Event: 16.843 Thread 0x0000000002102800 DEOPT UNPACKING pc=0x00000000022375a4 sp=0x000000000209e848 mode 2


Dynamic libraries:
0x00007ff7276b0000 - 0x00007ff7276e3000 	C:\Program Files\Java\jdk1.7.0_79\bin\java.exe
0x00007ffe09fd0000 - 0x00007ffe0a191000 	C:\WINDOWS\SYSTEM32\ntdll.dll
0x00007ffe097b0000 - 0x00007ffe0985d000 	C:\WINDOWS\system32\KERNEL32.DLL
0x00007ffe067f0000 - 0x00007ffe069d8000 	C:\WINDOWS\system32\KERNELBASE.dll
0x00007ffe09dc0000 - 0x00007ffe09e67000 	C:\WINDOWS\system32\ADVAPI32.dll
0x00007ffe07680000 - 0x00007ffe0771d000 	C:\WINDOWS\system32\msvcrt.dll
0x00007ffe09930000 - 0x00007ffe0998b000 	C:\WINDOWS\system32\sechost.dll
0x00007ffe09580000 - 0x00007ffe0969c000 	C:\WINDOWS\system32\RPCRT4.dll
0x00007ffe09e70000 - 0x00007ffe09fc6000 	C:\WINDOWS\system32\USER32.dll
0x00007ffe093f0000 - 0x00007ffe09576000 	C:\WINDOWS\system32\GDI32.dll
0x00007ffdfac20000 - 0x00007ffdfae94000 	C:\WINDOWS\WinSxS\amd64_microsoft.windows.common-controls_6595b64144ccf1df_6.0.10586.0_none_8c15ae12515e1c22\COMCTL32.dll
0x00007ffe09990000 - 0x00007ffe09c0d000 	C:\WINDOWS\system32\combase.dll
0x00007ffe069e0000 - 0x00007ffe06a4a000 	C:\WINDOWS\system32\bcryptPrimitives.dll
0x00007ffe09190000 - 0x00007ffe091cb000 	C:\WINDOWS\system32\IMM32.DLL
0x0000000066f30000 - 0x0000000067002000 	C:\Program Files\Java\jdk1.7.0_79\jre\bin\msvcr100.dll
0x0000000067190000 - 0x0000000067965000 	C:\Program Files\Java\jdk1.7.0_79\jre\bin\server\jvm.dll
0x00007ffe09db0000 - 0x00007ffe09db8000 	C:\WINDOWS\system32\PSAPI.DLL
0x00007ffe03670000 - 0x00007ffe03679000 	C:\WINDOWS\SYSTEM32\WSOCK32.dll
0x00007ffe098c0000 - 0x00007ffe0992b000 	C:\WINDOWS\system32\WS2_32.dll
0x00007ffe04930000 - 0x00007ffe04953000 	C:\WINDOWS\SYSTEM32\WINMM.dll
0x00007ffe048d0000 - 0x00007ffe048fc000 	C:\WINDOWS\SYSTEM32\WINMMBASE.dll
0x00007ffe07380000 - 0x00007ffe073c3000 	C:\WINDOWS\system32\cfgmgr32.dll
0x0000000067c60000 - 0x0000000067c6f000 	C:\Program Files\Java\jdk1.7.0_79\jre\bin\verify.dll
0x0000000067c30000 - 0x0000000067c58000 	C:\Program Files\Java\jdk1.7.0_79\jre\bin\java.dll
0x0000000067c10000 - 0x0000000067c25000 	C:\Program Files\Java\jdk1.7.0_79\jre\bin\zip.dll
0x0000000067bf0000 - 0x0000000067c0a000 	C:\Program Files\Java\jdk1.7.0_79\jre\bin\net.dll
0x00007ffe05ec0000 - 0x00007ffe05f1c000 	C:\WINDOWS\system32\mswsock.dll
0x0000000067bd0000 - 0x0000000067be1000 	C:\Program Files\Java\jdk1.7.0_79\jre\bin\nio.dll

VM Arguments:
jvm_args: -Djava.awt.headless=true -Xmx1024M -Dfile.encoding=windows-1252 -Duser.country=US -Duser.language=en -Duser.variant 
java_command: com.android.dx.command.Main --dex --num-threads=4 --output C:\Users\Megha\AndroidStudioProjects\CMPE-220-master\app\build\intermediates\pre-dexed\debug\com.android.support-support-v4-23.1.1_d2f5c71ff6d5a930d3e8edbc01e5fdc9a55b1d0c.jar C:\Users\Megha\AndroidStudioProjects\CMPE-220-master\app\build\intermediates\exploded-aar\com.android.support\support-v4\23.1.1\jars\classes.jar
Launcher Type: SUN_STANDARD

Environment Variables:
PATH=C:\Users\Megha\gcc\bin;C:\Users\Megha\gcc\libexec\gcc\x86_64-pc-mingw32\4.6.4;C:\ProgramData\Oracle\Java\javapath;C:\Program Files (x86)\Intel\iCLS Client\;C:\Program Files\Intel\iCLS Client\;C:\WINDOWS\system32;C:\WINDOWS;C:\WINDOWS\System32\Wbem;C:\WINDOWS\System32\WindowsPowerShell\v1.0\;c:\Program Files\Intel\IntelSGXPSW\bin\x64\Release\;c:\Program Files\Intel\IntelSGXPSW\bin\win32\Release\;c:\Program Files\Intel\WiFi\bin\;c:\Program Files\Common Files\Intel\WirelessCommon\;C:\Program Files (x86)\Intel\Intel(R) Management Engine Components\DAL;C:\Program Files\Intel\Intel(R) Management Engine Components\DAL;C:\Program Files (x86)\Intel\Intel(R) Management Engine Components\IPT;C:\Program Files\Intel\Intel(R) Management Engine Components\IPT;C:\Program Files (x86)\Skype\Phone\
USERNAME=Megha
OS=Windows_NT
PROCESSOR_IDENTIFIER=Intel64 Family 6 Model 78 Stepping 3, GenuineIntel



---------------  S Y S T E M  ---------------

OS: Windows 8.1 , 64 bit Build 9600 

CPU:total 4 (2 cores per cpu, 2 threads per core) family 6 model 78 stepping 3, cmov, cx8, fxsr, mmx, sse, sse2, sse3, ssse3, sse4.1, sse4.2, popcnt, avx, avx2, aes, erms, ht, tsc, tscinvbit

Memory: 4k page, physical 8299936k(335500k free), swap 33465760k(13616k free)

vm_info: Java HotSpot(TM) 64-Bit Server VM (24.79-b02) for windows-amd64 JRE (1.7.0_79-b15), built on Apr 10 2015 12:36:16 by "java_re" with unknown MS VC++:1600

time: Wed May 04 20:28:30 2016
elapsed time: 17 seconds

